<?xml version="1.0" encoding="UTF-8"?>
<!-- Generated by org.testng.reporters.JUnitReportReporter -->
<testsuite skipped="0" hostname="DESKTOP-E9ARFLP" name="assignmentten.moduleone.AssignmentOneTest" tests="1" failures="0" timestamp="2022-05-10T12:26:40 IST" time="13.911" errors="0">
  <testcase name="launchBrowserTest" time="13.911" classname="assignmentten.moduleone.AssignmentOneTest"/>
  <system-out/>
</testsuite> <!-- assignmentten.moduleone.AssignmentOneTest -->
