<?xml version="1.0" encoding="UTF-8"?>
<!-- Generated by org.testng.reporters.JUnitReportReporter -->
<testsuite skipped="0" hostname="DESKTOP-E9ARFLP" name="assignmentten.modulefive.AssignmentFivePageTwo" tests="2" failures="0" timestamp="2022-05-10T15:48:53 IST" time="12.133" errors="0">
  <testcase name="loginToSite" time="6.052" classname="assignmentten.modulefive.AssignmentFivePageTwo"/>
  <system-out/>
  <testcase name="fillDetailsAgain" time="6.081" classname="assignmentten.modulefive.AssignmentFivePageTwo"/>
  <system-out/>
</testsuite> <!-- assignmentten.modulefive.AssignmentFivePageTwo -->
