<?xml version="1.0" encoding="UTF-8"?>
<!-- Generated by org.testng.reporters.JUnitReportReporter -->
<testsuite skipped="0" hostname="DESKTOP-E9ARFLP" name="assignmenteleven.modulefour.test.AssignmentFourClassTest" tests="1" failures="0" timestamp="2022-05-15T14:22:11 IST" time="2.387" errors="0">
  <testcase name="loginToSwagLabs" time="2.387" classname="assignmenteleven.modulefour.test.AssignmentFourClassTest"/>
  <system-out/>
</testsuite> <!-- assignmenteleven.modulefour.test.AssignmentFourClassTest -->
