<?xml version="1.0" encoding="UTF-8"?>
<!-- Generated by org.testng.reporters.JUnitReportReporter -->
<testsuite skipped="0" hostname="DESKTOP-E9ARFLP" name="assignmenteleven.moduletwo.test.AssignmentTwoClassTest" tests="1" failures="0" timestamp="2022-05-15T14:22:11 IST" time="2.946" errors="0">
  <testcase name="loginToSwagLabs" time="2.946" classname="assignmenteleven.moduletwo.test.AssignmentTwoClassTest"/>
  <system-out/>
</testsuite> <!-- assignmenteleven.moduletwo.test.AssignmentTwoClassTest -->
