<?xml version="1.0" encoding="UTF-8"?>
<!-- Generated by org.testng.reporters.JUnitReportReporter -->
<testsuite skipped="0" hostname="DESKTOP-E9ARFLP" name="assignmenteleven.moduleone.test.AssignmentOneClassTest" tests="1" failures="0" timestamp="2022-05-15T14:22:11 IST" time="4.625" errors="0">
  <testcase name="loginToSwagLabs" time="4.625" classname="assignmenteleven.moduleone.test.AssignmentOneClassTest"/>
  <system-out/>
</testsuite> <!-- assignmenteleven.moduleone.test.AssignmentOneClassTest -->
