<?xml version="1.0" encoding="UTF-8"?>
<!-- Generated by org.testng.reporters.JUnitReportReporter -->
<testsuite skipped="0" hostname="DESKTOP-E9ARFLP" name="assignmentten.modulefive.AssignmentFivePageOne" tests="2" failures="0" timestamp="2022-05-10T15:48:53 IST" time="26.404" errors="0">
  <testcase name="loginToDemoSite" time="19.289" classname="assignmentten.modulefive.AssignmentFivePageOne"/>
  <system-out/>
  <testcase name="fillDetails" time="7.115" classname="assignmentten.modulefive.AssignmentFivePageOne"/>
  <system-out/>
</testsuite> <!-- assignmentten.modulefive.AssignmentFivePageOne -->
