<?xml version="1.0" encoding="UTF-8"?>
<!-- Generated by org.testng.reporters.JUnitReportReporter -->
<testsuite skipped="0" hostname="DESKTOP-E9ARFLP" name="assignmentten.moduletwo.pacakge2.AssignmentTwoPacakgeTwoTest" tests="1" failures="0" timestamp="2022-05-10T14:42:39 IST" time="12.756" errors="0">
  <testcase name="loginToOrangeHRM" time="12.756" classname="assignmentten.moduletwo.pacakge2.AssignmentTwoPacakgeTwoTest"/>
  <system-out/>
</testsuite> <!-- assignmentten.moduletwo.pacakge2.AssignmentTwoPacakgeTwoTest -->
