<?xml version="1.0" encoding="UTF-8"?>
<!-- Generated by org.testng.reporters.JUnitReportReporter -->
<testsuite skipped="0" hostname="DESKTOP-E9ARFLP" name="assignmentten.modulethree.AssignmentOneTest" tests="2" failures="0" timestamp="2022-05-10T14:48:11 IST" time="29.010" errors="0">
  <testcase name="loginToSauceDemo" time="15.424" classname="assignmentten.modulethree.AssignmentOneTest"/>
  <system-out/>
  <testcase name="loginToOrangeHRM" time="13.586" classname="assignmentten.modulethree.AssignmentOneTest"/>
  <system-out/>
</testsuite> <!-- assignmentten.modulethree.AssignmentOneTest -->
