<?xml version="1.0" encoding="UTF-8"?>
<!-- Generated by org.testng.reporters.JUnitReportReporter -->
<testsuite skipped="0" hostname="DESKTOP-E9ARFLP" name="assignmentten.moduletwo.package1.AssignmentTwoPacakgeOneTest" tests="1" failures="0" timestamp="2022-05-10T14:42:39 IST" time="11.955" errors="0">
  <testcase name="loginToSauceDemo" time="11.955" classname="assignmentten.moduletwo.package1.AssignmentTwoPacakgeOneTest"/>
  <system-out/>
</testsuite> <!-- assignmentten.moduletwo.package1.AssignmentTwoPacakgeOneTest -->
