<?xml version="1.0" encoding="UTF-8"?>
<!-- Generated by org.testng.reporters.JUnitReportReporter -->
<testsuite skipped="0" hostname="DESKTOP-E9ARFLP" name="assignmentten.modulefour.package2.AssignmentFourPacakgeTwoClientTest" tests="1" failures="0" timestamp="2022-05-10T15:06:07 IST" time="9.849" errors="0">
  <testcase name="loginToClientAM" time="9.849" classname="assignmentten.modulefour.package2.AssignmentFourPacakgeTwoClientTest"/>
  <system-out/>
</testsuite> <!-- assignmentten.modulefour.package2.AssignmentFourPacakgeTwoClientTest -->
