<?xml version="1.0" encoding="UTF-8"?>
<!-- Generated by org.testng.reporters.JUnitReportReporter -->
<testsuite skipped="0" hostname="DESKTOP-E9ARFLP" name="assignmentten.modulefour.package1.AssignmentFourPacakgeOneTest" tests="1" failures="0" timestamp="2022-05-10T15:06:07 IST" time="17.003" errors="0">
  <testcase name="loginToOrangeHRM" time="17.003" classname="assignmentten.modulefour.package1.AssignmentFourPacakgeOneTest"/>
  <system-out/>
</testsuite> <!-- assignmentten.modulefour.package1.AssignmentFourPacakgeOneTest -->
