<?xml version="1.0" encoding="UTF-8"?>
<!-- Generated by org.testng.reporters.JUnitReportReporter -->
<testsuite skipped="0" hostname="DESKTOP-E9ARFLP" name="assignmentten.modulefour.package2.AssignmentFourPacakgeTwoTest" tests="1" failures="0" timestamp="2022-05-10T15:06:07 IST" time="11.375" errors="0">
  <testcase name="launchBrowserTest" time="11.375" classname="assignmentten.modulefour.package2.AssignmentFourPacakgeTwoTest"/>
  <system-out/>
</testsuite> <!-- assignmentten.modulefour.package2.AssignmentFourPacakgeTwoTest -->
