<?xml version="1.0" encoding="UTF-8"?>
<!-- Generated by org.testng.reporters.JUnitReportReporter -->
<testsuite skipped="0" hostname="DESKTOP-E9ARFLP" name="assignmenteleven.modulethree.test.AssignmentThreeClassTest" tests="1" failures="0" timestamp="2022-05-15T14:23:43 IST" time="3.835" errors="0">
  <testcase name="loginToSwagLabs" time="3.835" classname="assignmenteleven.modulethree.test.AssignmentThreeClassTest"/>
  <system-out/>
</testsuite> <!-- assignmenteleven.modulethree.test.AssignmentThreeClassTest -->
