<?xml version="1.0" encoding="UTF-8"?>
<!-- Generated by org.testng.reporters.JUnitReportReporter -->
<testsuite skipped="0" hostname="DESKTOP-E9ARFLP" name="assignmentten.moduleone.AssignmentoneTestSuite" tests="1" failures="0" timestamp="2022-05-10T08:36:40 IST" time="0.014" errors="0">
  <testcase name="sayMessage" time="0.014" classname="assignmentten.moduleone.AssignmentoneTestSuite"/>
  <system-out/>
</testsuite> <!-- assignmentten.moduleone.AssignmentoneTestSuite -->
