<?xml version="1.0" encoding="UTF-8"?>
<!-- Generated by org.testng.reporters.JUnitReportReporter -->
<testsuite hostname="DESKTOP-E9ARFLP" failures="0" tests="1" name="com.deserialize.jackson.annotation.JacksonInjectDeserializer" time="0.576" errors="0" timestamp="2023-12-30T15:10:31 IST" skipped="0">
  <testcase classname="com.deserialize.jackson.annotation.JacksonInjectDeserializer" name="deserializeJson" time="0.576"/>
</testsuite> <!-- com.deserialize.jackson.annotation.JacksonInjectDeserializer -->
