<?xml version="1.0" encoding="UTF-8"?>
<!-- Generated by org.testng.reporters.JUnitReportReporter -->
<testsuite hostname="MAVCHN1121223" failures="0" tests="1" name="com.workwith.jsonfile.SerializationProcess" time="1.250" errors="0" timestamp="2023-12-04T21:49:26 IST" skipped="0">
  <testcase classname="com.workwith.jsonfile.SerializationProcess" name="serializeDataToJsonFormat" time="1.250"/>
</testsuite> <!-- com.workwith.jsonfile.SerializationProcess -->
