<?xml version="1.0" encoding="UTF-8"?>
<!-- Generated by org.testng.reporters.JUnitReportReporter -->
<testsuite hostname="DESKTOP-E9ARFLP" failures="0" tests="1" name="com.jackson.annotations.JsonSetterDeserializer" time="0.902" errors="0" timestamp="2023-12-30T14:48:10 IST" skipped="0">
  <testcase classname="com.jackson.annotations.JsonSetterDeserializer" name="deserializeJson" time="0.902"/>
</testsuite> <!-- com.jackson.annotations.JsonSetterDeserializer -->
