<?xml version="1.0" encoding="UTF-8"?>
<!-- Generated by org.testng.reporters.JUnitReportReporter -->
<testsuite hostname="DESKTOP-E9ARFLP" failures="0" tests="1" name="com.restassured.authorization.OAuth2" time="6.722" errors="0" timestamp="2023-12-28T11:29:05 IST" skipped="0">
  <testcase classname="com.restassured.authorization.OAuth2" name="bearerToken" time="6.722"/>
</testsuite> <!-- com.restassured.authorization.OAuth2 -->
