<?xml version="1.0" encoding="UTF-8"?>
<!-- Generated by org.testng.reporters.JUnitReportReporter -->
<testsuite hostname="DESKTOP-E9ARFLP" failures="0" tests="1" name="com.restassured.jsonpath.ReadAJsonFile" time="0.132" errors="0" timestamp="2023-12-22T15:04:30 IST" skipped="0">
  <testcase classname="com.restassured.jsonpath.ReadAJsonFile" name="fluentAPI" time="0.132"/>
</testsuite> <!-- com.restassured.jsonpath.ReadAJsonFile -->
