<?xml version="1.0" encoding="UTF-8"?>
<!-- Generated by org.testng.reporters.JUnitReportReporter -->
<testsuite hostname="DESKTOP-E9ARFLP" failures="0" tests="4" name="com.deserialization.interview.questions.DeserializationUsingObjectMapper" time="3.599" errors="0" timestamp="2023-12-25T17:48:23 IST" skipped="0">
  <testcase classname="com.deserialization.interview.questions.DeserializationUsingObjectMapper" name="addDataForEmployee" time="0.020"/>
  <testcase classname="com.deserialization.interview.questions.DeserializationUsingObjectMapper" name="serializePOJO" time="0.570"/>
  <testcase classname="com.deserialization.interview.questions.DeserializationUsingObjectMapper" name="postSerializedDataToEMS" time="2.947"/>
  <testcase classname="com.deserialization.interview.questions.DeserializationUsingObjectMapper" name="deserialiseResponseString" time="0.062"/>
</testsuite> <!-- com.deserialization.interview.questions.DeserializationUsingObjectMapper -->
