<?xml version="1.0" encoding="UTF-8"?>
<!-- Generated by org.testng.reporters.JUnitReportReporter -->
<testsuite hostname="MAVCHN1121223" failures="0" tests="1" name="com.workwith.jsonfile.EmployeePOJO_1" time="1.367" errors="0" timestamp="2023-12-04T22:03:43 IST" skipped="0">
  <testcase classname="com.workwith.jsonfile.EmployeePOJO_1" name="objectMapperSteps" time="1.367"/>
</testsuite> <!-- com.workwith.jsonfile.EmployeePOJO_1 -->
