<?xml version="1.0" encoding="UTF-8"?>
<!-- Generated by org.testng.reporters.JUnitReportReporter -->
<testsuite hostname="DESKTOP-E9ARFLP" failures="0" tests="1" name="com.restassured.jsonschema.NetworkNtJsonSchemaValidator" time="0.782" errors="0" timestamp="2023-12-09T22:13:33 IST" skipped="0">
  <testcase classname="com.restassured.jsonschema.NetworkNtJsonSchemaValidator" name="jsonSchemaValidatorNetworkNt" time="0.782"/>
</testsuite> <!-- com.restassured.jsonschema.NetworkNtJsonSchemaValidator -->
