<?xml version="1.0" encoding="UTF-8"?>
<!-- Generated by org.testng.reporters.JUnitReportReporter -->
<testsuite hostname="DESKTOP-E9ARFLP" failures="0" tests="1" name="com.deserialize.jackson.annotation.JsonAnySetterDeserializer" time="0.930" errors="0" timestamp="2023-12-30T14:57:46 IST" skipped="0">
  <testcase classname="com.deserialize.jackson.annotation.JsonAnySetterDeserializer" name="deserializeJson" time="0.930"/>
</testsuite> <!-- com.deserialize.jackson.annotation.JsonAnySetterDeserializer -->
