<?xml version="1.0" encoding="UTF-8"?>
<!-- Generated by org.testng.reporters.JUnitReportReporter -->
<testsuite skipped="0" hostname="DESKTOP-E9ARFLP" name="com.restassured.nonbdd.GetAllEmployees" tests="5" failures="0" timestamp="2023-09-30T10:15:52 IST" time="3.265" errors="0">
  <testcase name="getAllEmployees" time="2.995" classname="com.restassured.nonbdd.GetAllEmployees"/>
  <system-out/>
  <testcase name="createAnEmployee" time="0.091" classname="com.restassured.nonbdd.GetAllEmployees"/>
  <system-out/>
  <testcase name="updateAnEmployee" time="0.069" classname="com.restassured.nonbdd.GetAllEmployees"/>
  <system-out/>
  <testcase name="deleteAnEmployee" time="0.051" classname="com.restassured.nonbdd.GetAllEmployees"/>
  <system-out/>
  <testcase name="getAnEmployee" time="0.059" classname="com.restassured.nonbdd.GetAllEmployees"/>
  <system-out/>
</testsuite> <!-- com.restassured.nonbdd.GetAllEmployees -->
