<?xml version="1.0" encoding="UTF-8"?>
<!-- Generated by org.testng.reporters.JUnitReportReporter -->
<testsuite skipped="4" hostname="DESKTOP-E9ARFLP" name="com.restassured.bdd.CreateUpateAndReadData" tests="5" failures="0" timestamp="2023-10-22T13:36:03 IST" time="3.113" errors="0">
  <testcase name="createUserWithDetails" time="3.113" classname="com.restassured.bdd.CreateUpateAndReadData"/>
  <system-out/>
  <testcase name="getUserDetails" classname="com.restassured.bdd.CreateUpateAndReadData">
    <skipped/>
  </testcase> <!-- getUserDetails -->
  <system-out/>
  <testcase name="deleteAnEmployee" classname="com.restassured.bdd.CreateUpateAndReadData">
    <skipped/>
  </testcase> <!-- deleteAnEmployee -->
  <system-out/>
  <testcase name="updateEmployeeDetails" classname="com.restassured.bdd.CreateUpateAndReadData">
    <skipped/>
  </testcase> <!-- updateEmployeeDetails -->
  <system-out/>
  <testcase name="getEmployeeDetails" classname="com.restassured.bdd.CreateUpateAndReadData">
    <skipped/>
  </testcase> <!-- getEmployeeDetails -->
  <system-out/>
</testsuite> <!-- com.restassured.bdd.CreateUpateAndReadData -->
