<?xml version="1.0" encoding="UTF-8"?>
<!-- Generated by org.testng.reporters.JUnitReportReporter -->
<testsuite hostname="DESKTOP-E9ARFLP" failures="0" tests="1" name="com.jackson.annotations.JsonAnyGetterSerializer" time="0.864" errors="0" timestamp="2023-12-28T16:06:46 IST" skipped="0">
  <testcase classname="com.jackson.annotations.JsonAnyGetterSerializer" name="serializeData" time="0.864"/>
</testsuite> <!-- com.jackson.annotations.JsonAnyGetterSerializer -->
