<?xml version="1.0" encoding="UTF-8"?>
<!-- Generated by org.testng.reporters.JUnitReportReporter -->
<testsuite hostname="DESKTOP-E9ARFLP" failures="0" tests="1" name="com.deserialization.interview.questions.RequestSpecificationPropertiesExample" time="4.421" errors="0" timestamp="2023-12-30T16:35:09 IST" skipped="0">
  <testcase classname="com.deserialization.interview.questions.RequestSpecificationPropertiesExample" name="getDetails" time="4.421"/>
</testsuite> <!-- com.deserialization.interview.questions.RequestSpecificationPropertiesExample -->
