<?xml version="1.0" encoding="UTF-8"?>
<!-- Generated by org.testng.reporters.JUnitReportReporter -->
<testsuite hostname="DESKTOP-E9ARFLP" failures="0" tests="1" name="com.deserialize.jackson.annotation.JsonAliasDeserializer" time="2.005" errors="0" timestamp="2023-12-30T16:15:39 IST" skipped="0">
  <testcase classname="com.deserialize.jackson.annotation.JsonAliasDeserializer" name="deserializeJson" time="2.005"/>
</testsuite> <!-- com.deserialize.jackson.annotation.JsonAliasDeserializer -->
