<?xml version="1.0" encoding="UTF-8"?>
<!-- Generated by org.testng.reporters.JUnitReportReporter -->
<testsuite hostname="DESKTOP-E9ARFLP" failures="0" tests="4" name="com.deserialization.interview.questions.DeserializationUsingJaywayJsonpath" time="3.632" errors="0" timestamp="2023-12-25T18:09:36 IST" skipped="0">
  <testcase classname="com.deserialization.interview.questions.DeserializationUsingJaywayJsonpath" name="setDataForEmployeeInputClass" time="0.016"/>
  <testcase classname="com.deserialization.interview.questions.DeserializationUsingJaywayJsonpath" name="serializeEmployeeInput" time="0.472"/>
  <testcase classname="com.deserialization.interview.questions.DeserializationUsingJaywayJsonpath" name="postData" time="2.969"/>
  <testcase classname="com.deserialization.interview.questions.DeserializationUsingJaywayJsonpath" name="deserialiseUsingJaywayJson" time="0.175"/>
</testsuite> <!-- com.deserialization.interview.questions.DeserializationUsingJaywayJsonpath -->
