<?xml version="1.0" encoding="UTF-8"?>
<!-- Generated by org.testng.reporters.JUnitReportReporter -->
<testsuite hostname="DESKTOP-E9ARFLP" failures="0" tests="1" name="com.deserialize.jackson.annotation.JsonSetterDeserializer" time="0.870" errors="0" timestamp="2023-12-30T14:57:56 IST" skipped="0">
  <testcase classname="com.deserialize.jackson.annotation.JsonSetterDeserializer" name="deserializeJson" time="0.870"/>
</testsuite> <!-- com.deserialize.jackson.annotation.JsonSetterDeserializer -->
