<?xml version="1.0" encoding="UTF-8"?>
<!-- Generated by org.testng.reporters.JUnitReportReporter -->
<testsuite hostname="DESKTOP-E9ARFLP" failures="0" tests="1" name="com.restassured.bdd.RequestSpecBuilderExample" time="2.944" errors="0" timestamp="2023-12-27T12:38:28 IST" skipped="0">
  <testcase classname="com.restassured.bdd.RequestSpecBuilderExample" name="getAnotherEmployee" time="2.944"/>
</testsuite> <!-- com.restassured.bdd.RequestSpecBuilderExample -->
