<?xml version="1.0" encoding="UTF-8"?>
<!-- Generated by org.testng.reporters.JUnitReportReporter -->
<testsuite hostname="DESKTOP-E9ARFLP" failures="0" tests="1" name="com.deserialization.interview.questions.RelationBTWGettersSettersAndSerializeDeserialize" time="0.117" errors="0" timestamp="2023-12-26T20:24:06 IST" skipped="0">
  <testcase classname="com.deserialization.interview.questions.RelationBTWGettersSettersAndSerializeDeserialize" name="deserializeData" time="0.117"/>
</testsuite> <!-- com.deserialization.interview.questions.RelationBTWGettersSettersAndSerializeDeserialize -->
