<?xml version="1.0" encoding="UTF-8"?>
<!-- Generated by org.testng.reporters.JUnitReportReporter -->
<testsuite hostname="DESKTOP-E9ARFLP" failures="0" tests="1" name="com.jackson.annotations.JsonRootNameSerializer" time="0.524" errors="0" timestamp="2023-12-29T16:38:04 IST" skipped="0">
  <testcase classname="com.jackson.annotations.JsonRootNameSerializer" name="serializeData" time="0.524"/>
</testsuite> <!-- com.jackson.annotations.JsonRootNameSerializer -->
