<?xml version="1.0" encoding="UTF-8"?>
<!-- Generated by org.testng.reporters.JUnitReportReporter -->
<testsuite hostname="DESKTOP-E9ARFLP" failures="0" tests="1" name="com.deserialization.interview.questions.DeserializationUsingRestAssuredAsFunction" time="12.683" errors="0" timestamp="2023-12-25T19:13:46 IST" skipped="0">
  <testcase classname="com.deserialization.interview.questions.DeserializationUsingRestAssuredAsFunction" name="deserializeUsingAsFunction" time="12.683"/>
</testsuite> <!-- com.deserialization.interview.questions.DeserializationUsingRestAssuredAsFunction -->
