<?xml version="1.0" encoding="UTF-8"?>
<!-- Generated by org.testng.reporters.JUnitReportReporter -->
<testsuite hostname="DESKTOP-E9ARFLP" failures="0" tests="1" name="com.lombok.pojo.SerializeData" time="0.614" errors="0" timestamp="2023-12-26T15:52:45 IST" skipped="0">
  <testcase classname="com.lombok.pojo.SerializeData" name="convertJsonToPOJOViceVersa" time="0.614"/>
</testsuite> <!-- com.lombok.pojo.SerializeData -->
