<?xml version="1.0" encoding="UTF-8"?>
<!-- Generated by org.testng.reporters.JUnitReportReporter -->
<testsuite hostname="DESKTOP-E9ARFLP" failures="0" tests="1" name="com.serialize.pojo.SerializeData" time="0.640" errors="0" timestamp="2023-12-26T12:56:33 IST" skipped="0">
  <testcase classname="com.serialize.pojo.SerializeData" name="convertJsonToPOJOViceVersa" time="0.640"/>
</testsuite> <!-- com.serialize.pojo.SerializeData -->
