<?xml version="1.0" encoding="UTF-8"?>
<!-- Generated by org.testng.reporters.JUnitReportReporter -->
<testsuite hostname="DESKTOP-E9ARFLP" failures="0" tests="1" name="com.jackson.annotations.JsonSerializeAnnotationSerializer" time="0.509" errors="0" timestamp="2023-12-29T16:56:06 IST" skipped="0">
  <testcase classname="com.jackson.annotations.JsonSerializeAnnotationSerializer" name="serializeData" time="0.509"/>
</testsuite> <!-- com.jackson.annotations.JsonSerializeAnnotationSerializer -->
