<?xml version="1.0" encoding="UTF-8"?>
<!-- Generated by org.testng.reporters.JUnitReportReporter -->
<testsuite hostname="DESKTOP-E9ARFLP" failures="0" tests="1" name="com.deserialize.jackson.annotation.JsonCreatorDeserializer" time="0.896" errors="0" timestamp="2023-12-30T14:57:21 IST" skipped="0">
  <testcase classname="com.deserialize.jackson.annotation.JsonCreatorDeserializer" name="deserializeJson" time="0.896"/>
</testsuite> <!-- com.deserialize.jackson.annotation.JsonCreatorDeserializer -->
