<?xml version="1.0" encoding="UTF-8"?>
<!-- Generated by org.testng.reporters.JUnitReportReporter -->
<testsuite hostname="DESKTOP-E9ARFLP" failures="0" tests="1" name="com.jackson.annotations.JsonPropertyOrderSerializer" time="0.879" errors="0" timestamp="2023-12-29T16:22:51 IST" skipped="0">
  <testcase classname="com.jackson.annotations.JsonPropertyOrderSerializer" name="serializeData" time="0.879"/>
</testsuite> <!-- com.jackson.annotations.JsonPropertyOrderSerializer -->
