<?xml version="1.0" encoding="UTF-8"?>
<!-- Generated by org.testng.reporters.JUnitReportReporter -->
<testsuite hostname="DESKTOP-E9ARFLP" failures="0" tests="1" name="com.jackson.annotations.JsonGetterSerializer" time="0.922" errors="0" timestamp="2023-12-30T14:31:57 IST" skipped="0">
  <testcase classname="com.jackson.annotations.JsonGetterSerializer" name="serializeData" time="0.922"/>
</testsuite> <!-- com.jackson.annotations.JsonGetterSerializer -->
