<?xml version="1.0" encoding="UTF-8"?>
<!-- Generated by org.testng.reporters.JUnitReportReporter -->
<testsuite hostname="MAVCHN1121223" failures="0" tests="1" name="com.restassured.bdd.RequestJSONExternalFile" time="1.025" errors="0" timestamp="2023-11-30T17:26:21 IST" skipped="0">
  <testcase classname="com.restassured.bdd.RequestJSONExternalFile" name="createEmployeeFromExternalJsonFile" time="1.025"/>
</testsuite> <!-- com.restassured.bdd.RequestJSONExternalFile -->
