<?xml version="1.0" encoding="UTF-8"?>
<!-- Generated by org.testng.reporters.JUnitReportReporter -->
<testsuite hostname="MAVCHN1121223" failures="0" tests="1" name="com.workwith.jsonfile.WriteJsonFile" time="0.040" errors="0" timestamp="2023-11-30T18:23:39 IST" skipped="0">
  <testcase classname="com.workwith.jsonfile.WriteJsonFile" name="writeJsonFile" time="0.040"/>
</testsuite> <!-- com.workwith.jsonfile.WriteJsonFile -->
