<?xml version="1.0" encoding="UTF-8"?>
<!-- Generated by org.testng.reporters.JUnitReportReporter -->
<testsuite hostname="DESKTOP-E9ARFLP" failures="0" tests="1" name="com.restassured.authorization.BearerTokenExample" time="6.933" errors="0" timestamp="2023-12-28T11:27:27 IST" skipped="0">
  <testcase classname="com.restassured.authorization.BearerTokenExample" name="bearerToken" time="6.933"/>
</testsuite> <!-- com.restassured.authorization.BearerTokenExample -->
