<?xml version="1.0" encoding="UTF-8"?>
<!-- Generated by org.testng.reporters.JUnitReportReporter -->
<testsuite skipped="0" hostname="DESKTOP-E9ARFLP" name="com.restassured.nonbdd.GetAllEmployees" tests="1" failures="0" timestamp="2023-09-18T22:07:38 IST" time="3.738" errors="0">
  <testcase name="getAllEmployees" time="3.738" classname="com.restassured.nonbdd.GetAllEmployees"/>
  <system-out/>
</testsuite> <!-- com.restassured.nonbdd.GetAllEmployees -->
