<?xml version="1.0" encoding="UTF-8"?>
<!-- Generated by org.testng.reporters.JUnitReportReporter -->
<testsuite hostname="DESKTOP-E9ARFLP" failures="0" tests="1" name="com.restassured.authorization.APIKeyAuthExample" time="4.827" errors="0" timestamp="2024-01-01T21:36:45 IST" skipped="0">
  <testcase classname="com.restassured.authorization.APIKeyAuthExample" name="apiKeyAuthUsingQueryParam" time="4.827"/>
</testsuite> <!-- com.restassured.authorization.APIKeyAuthExample -->
