<?xml version="1.0" encoding="UTF-8"?>
<!-- Generated by org.testng.reporters.JUnitReportReporter -->
<testsuite hostname="DESKTOP-E9ARFLP" failures="0" tests="1" name="com.jackson.annotations.JsonRawValueSerializer" time="0.616" errors="0" timestamp="2023-12-29T16:34:39 IST" skipped="0">
  <testcase classname="com.jackson.annotations.JsonRawValueSerializer" name="serializeData" time="0.616"/>
</testsuite> <!-- com.jackson.annotations.JsonRawValueSerializer -->
