<?xml version="1.0" encoding="UTF-8"?>
<!-- Generated by org.testng.reporters.JUnitReportReporter -->
<testsuite hostname="DESKTOP-E9ARFLP" failures="0" tests="1" name="com.restassured.jsonpath.CustomPredicateFilter" time="0.142" errors="0" timestamp="2023-12-25T17:25:18 IST" skipped="0">
  <testcase classname="com.restassured.jsonpath.CustomPredicateFilter" name="customPredicate" time="0.142"/>
</testsuite> <!-- com.restassured.jsonpath.CustomPredicateFilter -->
