<?xml version="1.0" encoding="UTF-8"?>
<!-- Generated by org.testng.reporters.JUnitReportReporter -->
<testsuite hostname="DESKTOP-E9ARFLP" failures="0" tests="1" name="com.deserialization.interview.questions.DeserializationUsingRestAssuredJsonPath" time="2.162" errors="0" timestamp="2023-12-25T18:36:41 IST" skipped="0">
  <testcase classname="com.deserialization.interview.questions.DeserializationUsingRestAssuredJsonPath" name="deserializeRAJsonPaht" time="2.162"/>
</testsuite> <!-- com.deserialization.interview.questions.DeserializationUsingRestAssuredJsonPath -->
