<?xml version="1.0" encoding="UTF-8"?>
<!-- Generated by org.testng.reporters.JUnitReportReporter -->
<testsuite hostname="DESKTOP-E9ARFLP" failures="0" tests="1" name="com.restassured.nonbdd.CRUDOperationNonBDD" time="2.890" errors="0" timestamp="2023-11-30T10:37:31 IST" skipped="0">
  <testcase classname="com.restassured.nonbdd.CRUDOperationNonBDD" name="createEmployee" time="2.890"/>
</testsuite> <!-- com.restassured.nonbdd.CRUDOperationNonBDD -->
