<?xml version="1.0" encoding="UTF-8"?>
<!-- Generated by org.testng.reporters.JUnitReportReporter -->
<testsuite hostname="MAVCHN1121223" failures="0" tests="1" name="com.restassured.nonbdd.CRUDOperationNonBDD" time="3.421" errors="0" timestamp="2023-11-30T15:37:04 IST" skipped="0">
  <testcase classname="com.restassured.nonbdd.CRUDOperationNonBDD" name="createEmployee" time="3.421"/>
</testsuite> <!-- com.restassured.nonbdd.CRUDOperationNonBDD -->
