<?xml version="1.0" encoding="UTF-8"?>
<!-- Generated by org.testng.reporters.JUnitReportReporter -->
<testsuite hostname="DESKTOP-E9ARFLP" failures="0" tests="1" name="com.jackson.annotations.JsonIgnoreSerializer" time="1.812" errors="0" timestamp="2023-12-30T16:28:59 IST" skipped="0">
  <testcase classname="com.jackson.annotations.JsonIgnoreSerializer" name="serializeData" time="1.812"/>
</testsuite> <!-- com.jackson.annotations.JsonIgnoreSerializer -->
