<?xml version="1.0" encoding="UTF-8"?>
<!-- Generated by org.testng.reporters.JUnitReportReporter -->
<testsuite hostname="DESKTOP-E9ARFLP" failures="0" tests="1" name="com.jackson.annotations.JsonCreatorDeserializer" time="0.890" errors="0" timestamp="2023-12-30T14:56:08 IST" skipped="0">
  <testcase classname="com.jackson.annotations.JsonCreatorDeserializer" name="deserializeJson" time="0.890"/>
</testsuite> <!-- com.jackson.annotations.JsonCreatorDeserializer -->
