<?xml version="1.0" encoding="UTF-8"?>
<!-- Generated by org.testng.reporters.JUnitReportReporter -->
<testsuite hostname="DESKTOP-E9ARFLP" failures="0" tests="1" name="com.restassured.authorization.APIKeyAuthExample" time="8.317" errors="0" timestamp="2023-12-28T11:15:01 IST" skipped="0">
  <testcase classname="com.restassured.authorization.APIKeyAuthExample" name="apiKeyAuthUsingHeader" time="8.317"/>
</testsuite> <!-- com.restassured.authorization.APIKeyAuthExample -->
