<?xml version="1.0" encoding="UTF-8"?>
<!-- Generated by org.testng.reporters.JUnitReportReporter -->
<testsuite hostname="MAVCHN1121223" failures="0" tests="1" name="com.restassured.bdd.CRUDOperationsBDD" time="3.260" errors="0" timestamp="2023-11-30T15:53:09 IST" skipped="0">
  <testcase classname="com.restassured.bdd.CRUDOperationsBDD" name="createEmployee" time="3.260"/>
</testsuite> <!-- com.restassured.bdd.CRUDOperationsBDD -->
