<?xml version="1.0" encoding="UTF-8"?>
<!-- Generated by org.testng.reporters.JUnitReportReporter -->
<testsuite hostname="DESKTOP-E9ARFLP" failures="0" tests="1" name="com.restassured.jsonpath.FilterAPIPredicate" time="0.194" errors="0" timestamp="2023-12-22T23:27:50 IST" skipped="0">
  <testcase classname="com.restassured.jsonpath.FilterAPIPredicate" name="thirdFilterCriteria" time="0.194"/>
</testsuite> <!-- com.restassured.jsonpath.FilterAPIPredicate -->
