<?xml version="1.0" encoding="UTF-8"?>
<!-- Generated by org.testng.reporters.JUnitReportReporter -->
<testsuite hostname="DESKTOP-E9ARFLP" failures="0" tests="5" name="com.restassured.nonbdd.GetAllEmployees" time="3.494" errors="0" timestamp="2023-11-19T11:30:43 IST" skipped="0">
  <testcase classname="com.restassured.nonbdd.GetAllEmployees" name="getAllEmployees" time="3.130"/>
  <system-out/>
  <testcase classname="com.restassured.nonbdd.GetAllEmployees" name="createAnEmployee" time="0.217"/>
  <system-out/>
  <testcase classname="com.restassured.nonbdd.GetAllEmployees" name="updateAnEmployee" time="0.041"/>
  <system-out/>
  <testcase classname="com.restassured.nonbdd.GetAllEmployees" name="deleteAnEmployee" time="0.047"/>
  <system-out/>
  <testcase classname="com.restassured.nonbdd.GetAllEmployees" name="getAnEmployee" time="0.059"/>
  <system-out/>
</testsuite> <!-- com.restassured.nonbdd.GetAllEmployees -->
