<?xml version="1.0" encoding="UTF-8"?>
<!-- Generated by org.testng.reporters.JUnitReportReporter -->
<testsuite hostname="DESKTOP-E9ARFLP" failures="0" tests="1" name="com.jackson.annotations.JsonAnySetterDeserializer" time="0.854" errors="0" timestamp="2023-12-30T14:42:01 IST" skipped="0">
  <testcase classname="com.jackson.annotations.JsonAnySetterDeserializer" name="deserializeJson" time="0.854"/>
</testsuite> <!-- com.jackson.annotations.JsonAnySetterDeserializer -->
