<?xml version="1.0" encoding="UTF-8"?>
<!-- Generated by org.testng.reporters.JUnitReportReporter -->
<testsuite hostname="DESKTOP-E9ARFLP" failures="0" tests="1" name="com.restassured.bdd.MultipleRequestSpecification" time="1.869" errors="0" timestamp="2023-12-27T12:10:03 IST" skipped="0">
  <testcase classname="com.restassured.bdd.MultipleRequestSpecification" name="createAnotherEmployee" time="1.869"/>
</testsuite> <!-- com.restassured.bdd.MultipleRequestSpecification -->
