<?xml version="1.0" encoding="UTF-8"?>
<!-- Generated by org.testng.reporters.JUnitReportReporter -->
<testsuite hostname="DESKTOP-E9ARFLP" failures="0" tests="1" name="com.restassured.jsonpath.WorkOnPredicateCondition" time="0.279" errors="0" timestamp="2023-12-22T21:09:48 IST" skipped="0">
  <testcase classname="com.restassured.jsonpath.WorkOnPredicateCondition" name="predicateExample" time="0.279"/>
</testsuite> <!-- com.restassured.jsonpath.WorkOnPredicateCondition -->
