<?xml version="1.0" encoding="UTF-8"?>
<!-- Generated by org.testng.reporters.JUnitReportReporter -->
<testsuite hostname="DESKTOP-E9ARFLP" failures="0" tests="1" name="com.restassured.authorization.BasicAuthExample" time="10.250" errors="0" timestamp="2023-12-28T11:06:23 IST" skipped="0">
  <testcase classname="com.restassured.authorization.BasicAuthExample" name="basicAuth" time="10.250"/>
</testsuite> <!-- com.restassured.authorization.BasicAuthExample -->
